::1 - - [31/Jan/2023:11:26:41 +0000] "GET /category HTTP/1.1" 500 1385 "-" "PostmanRuntime/7.30.0"
::1 - - [31/Jan/2023:11:27:47 +0000] "GET /category HTTP/1.1" 404 66 "-" "PostmanRuntime/7.30.0"
::1 - - [31/Jan/2023:11:28:29 +0000] "GET /category HTTP/1.1" 200 33 "-" "PostmanRuntime/7.30.0"
::1 - - [02/Feb/2023:07:01:59 +0000] "GET /category HTTP/1.1" 200 33 "-" "PostmanRuntime/7.30.0"
::1 - - [02/Feb/2023:07:05:04 +0000] "POST /category HTTP/1.1" 500 76 "-" "PostmanRuntime/7.30.0"
::1 - - [02/Feb/2023:07:07:32 +0000] "POST /category HTTP/1.1" 500 114 "-" "PostmanRuntime/7.30.0"
::1 - - [02/Feb/2023:07:08:09 +0000] "POST /category HTTP/1.1" 201 140 "-" "PostmanRuntime/7.30.0"
::1 - - [02/Feb/2023:07:08:26 +0000] "POST /category HTTP/1.1" 201 142 "-" "PostmanRuntime/7.30.0"
::1 - - [02/Feb/2023:07:09:36 +0000] "GET /category HTTP/1.1" 200 254 "-" "PostmanRuntime/7.30.0"
::1 - - [02/Feb/2023:07:09:54 +0000] "POST /category HTTP/1.1" 201 154 "-" "PostmanRuntime/7.30.0"
::1 - - [02/Feb/2023:07:10:54 +0000] "PUT /category HTTP/1.1" 201 34 "-" "PostmanRuntime/7.30.0"
::1 - - [02/Feb/2023:07:11:34 +0000] "GET /category HTTP/1.1" 200 370 "-" "PostmanRuntime/7.30.0"
::1 - - [02/Feb/2023:07:12:10 +0000] "DELETE /category/3 HTTP/1.1" 201 32 "-" "PostmanRuntime/7.30.0"
::1 - - [02/Feb/2023:07:13:52 +0000] "GET /product HTTP/1.1" 200 33 "-" "PostmanRuntime/7.30.0"
::1 - - [02/Feb/2023:07:14:06 +0000] "POST /product HTTP/1.1" 500 492 "-" "PostmanRuntime/7.30.0"
::1 - - [02/Feb/2023:07:22:35 +0000] "GET / HTTP/1.1" 404 66 "-" "Mozilla/5.0 (Windows NT 10.0; Win64; x64) AppleWebKit/537.36 (KHTML, like Gecko) Chrome/109.0.0.0 Safari/537.36"
::1 - - [02/Feb/2023:07:22:35 +0000] "GET /favicon.ico HTTP/1.1" 404 66 "http://localhost:9000/" "Mozilla/5.0 (Windows NT 10.0; Win64; x64) AppleWebKit/537.36 (KHTML, like Gecko) Chrome/109.0.0.0 Safari/537.36"
::1 - - [02/Feb/2023:07:34:10 +0000] "POST /product HTTP/1.1" 500 1295 "-" "PostmanRuntime/7.30.0"
::1 - - [02/Feb/2023:07:34:24 +0000] "POST /product HTTP/1.1" 201 250 "-" "PostmanRuntime/7.30.0"
::1 - - [02/Feb/2023:07:35:19 +0000] "POST /product HTTP/1.1" 201 250 "-" "PostmanRuntime/7.30.0"
::1 - - [02/Feb/2023:07:35:38 +0000] "POST /product HTTP/1.1" 201 250 "-" "PostmanRuntime/7.30.0"
::1 - - [02/Feb/2023:07:36:49 +0000] "POST /product HTTP/1.1" 201 250 "-" "PostmanRuntime/7.30.0"
::1 - - [02/Feb/2023:07:37:10 +0000] "POST /product HTTP/1.1" 201 250 "-" "PostmanRuntime/7.30.0"
::1 - - [02/Feb/2023:07:37:39 +0000] "POST /product HTTP/1.1" 500 71 "-" "PostmanRuntime/7.30.0"
::1 - - [02/Feb/2023:07:38:01 +0000] "POST /product HTTP/1.1" 500 71 "-" "PostmanRuntime/7.30.0"
::1 - - [02/Feb/2023:07:38:09 +0000] "POST /product HTTP/1.1" 201 250 "-" "PostmanRuntime/7.30.0"
::1 - - [02/Feb/2023:07:38:18 +0000] "POST /product HTTP/1.1" 201 250 "-" "PostmanRuntime/7.30.0"
::1 - - [02/Feb/2023:07:40:15 +0000] "POST /product HTTP/1.1" 201 250 "-" "PostmanRuntime/7.30.0"
::1 - - [02/Feb/2023:07:41:51 +0000] "POST /product HTTP/1.1" 201 336 "-" "PostmanRuntime/7.30.0"
::1 - - [02/Feb/2023:07:42:12 +0000] "GET /public/images_upload/2023-02-02T07:41:51.773Z-WhatsApp%20Image%202023-01-20%20at%2017.11.34.jpeg HTTP/1.1" 200 69358 "-" "Mozilla/5.0 (Windows NT 10.0; Win64; x64) AppleWebKit/537.36 (KHTML, like Gecko) Chrome/109.0.0.0 Safari/537.36"
::1 - - [02/Feb/2023:07:42:41 +0000] "GET /product HTTP/1.1" 200 2098 "-" "PostmanRuntime/7.30.0"
::1 - - [02/Feb/2023:07:45:21 +0000] "GET /product HTTP/1.1" 200 2098 "-" "PostmanRuntime/7.30.0"
::1 - - [02/Feb/2023:07:46:02 +0000] "GET /product HTTP/1.1" 500 71 "-" "PostmanRuntime/7.30.0"
::1 - - [02/Feb/2023:07:46:29 +0000] "GET /product HTTP/1.1" 500 71 "-" "PostmanRuntime/7.30.0"
::1 - - [02/Feb/2023:07:47:09 +0000] "GET /product HTTP/1.1" 200 2098 "-" "PostmanRuntime/7.30.0"
::1 - - [02/Feb/2023:07:47:33 +0000] "GET /product HTTP/1.1" 200 2098 "-" "PostmanRuntime/7.30.0"
::1 - - [02/Feb/2023:07:47:41 +0000] "GET /product HTTP/1.1" 200 2098 "-" "PostmanRuntime/7.30.0"
::1 - - [02/Feb/2023:07:47:52 +0000] "GET /product HTTP/1.1" 200 2098 "-" "PostmanRuntime/7.30.0"
::1 - - [02/Feb/2023:07:48:02 +0000] "GET /product HTTP/1.1" 200 2098 "-" "PostmanRuntime/7.30.0"
::1 - - [02/Feb/2023:07:48:30 +0000] "GET /product HTTP/1.1" 200 2098 "-" "PostmanRuntime/7.30.0"
::1 - - [02/Feb/2023:07:49:48 +0000] "GET /product HTTP/1.1" 200 2098 "-" "PostmanRuntime/7.30.0"
::1 - - [02/Feb/2023:07:50:17 +0000] "GET /product HTTP/1.1" 200 2098 "-" "PostmanRuntime/7.30.0"
::1 - - [02/Feb/2023:07:53:08 +0000] "POST /product HTTP/1.1" 201 337 "-" "PostmanRuntime/7.30.0"
::1 - - [02/Feb/2023:07:55:35 +0000] "POST /product HTTP/1.1" 201 574 "-" "PostmanRuntime/7.30.0"
::1 - - [02/Feb/2023:07:57:11 +0000] "GET /product HTTP/1.1" 200 883 "-" "PostmanRuntime/7.30.0"
::1 - - [02/Feb/2023:07:58:44 +0000] "PUT /category HTTP/1.1" 201 34 "-" "PostmanRuntime/7.30.0"
::1 - - [02/Feb/2023:07:58:54 +0000] "GET /category HTTP/1.1" 200 254 "-" "PostmanRuntime/7.30.0"
::1 - - [02/Feb/2023:07:59:27 +0000] "PUT /product HTTP/1.1" 201 34 "-" "PostmanRuntime/7.30.0"
::1 - - [02/Feb/2023:07:59:35 +0000] "GET /product HTTP/1.1" 200 883 "-" "PostmanRuntime/7.30.0"
::1 - - [02/Feb/2023:07:59:45 +0000] "PUT /product HTTP/1.1" 201 34 "-" "PostmanRuntime/7.30.0"
::1 - - [02/Feb/2023:07:59:56 +0000] "GET /product HTTP/1.1" 200 883 "-" "PostmanRuntime/7.30.0"
::1 - - [02/Feb/2023:08:01:57 +0000] "PUT /product HTTP/1.1" 201 34 "-" "PostmanRuntime/7.30.0"
::1 - - [02/Feb/2023:08:02:27 +0000] "GET /product HTTP/1.1" 200 688 "-" "PostmanRuntime/7.30.0"
::1 - - [02/Feb/2023:08:03:19 +0000] "DELETE /product/10 HTTP/1.1" 201 32 "-" "PostmanRuntime/7.30.0"
::1 - - [02/Feb/2023:08:03:22 +0000] "GET /product HTTP/1.1" 200 381 "-" "PostmanRuntime/7.30.0"
::1 - - [02/Feb/2023:08:03:51 +0000] "DELETE /product/[id] HTTP/1.1" 500 78 "-" "PostmanRuntime/7.30.0"
